<?xml version="1.0" encoding="UTF-8"?>
<testsuite name="com.virgingames.virgininfo.VirginCurdTestWithSteps" time="0.007" tests="1" errors="1" skipped="0" failures="0">
  <properties>
[...]
</properties>
  <testcase name="createBingoRecord" classname="com.virgingames.virgininfo.VirginCurdTestWithSteps" time="0.007">
    <error type="java.lang.NullPointerException:">java.lang.NullPointerException: null
	at com.virgingames.virgininfo.VirginCurdTestWithSteps.createBingoRecord(VirginCurdTestWithSteps.java:30)
</error>
    <system-err><![CDATA[9049 [main] INFO net.serenitybdd.core.Serenity - 
        __    _____ _____ ____ _____   ____   _    ____  ____  _____ ____  
  _     \ \  |_   _| ____/ ___|_   _| |  _ \ / \  / ___|/ ___|| ____|  _ \ 
 (_)_____| |   | | |  _| \___ \ | |   | |_) / _ \ \___ \\___ \|  _| | | | |
  _|_____| |   | | | |___ ___) || |   |  __/ ___ \ ___) |___) | |___| |_| |
 (_)     | |   |_| |_____|____/ |_|   |_| /_/   \_\____/|____/|_____|____/ 
        /_/                                                                

TEST PASSED: Get default game frequency
----------------------------------------------------------------------------
9264 [pool-1-thread-1] INFO net.thucydides.core.reports.json.JSONTestOutcomeReporter - Generating JSON report for Get default game frequency to file C:\Users\jpate\IdeaProjects\virgingames-serenity-technicaltest-week20\target\site\serenity\1b1dc0a03b31771d0836eb7c7e29fd654428bfeee4149b98be64e65ef55c844c.json (using temp file C:\Users\jpate\IdeaProjects\virgingames-serenity-technicaltest-week20\target\site\serenity\1b1dc0a03b31771d0836eb7c7e29fd654428bfeee4149b98be64e65ef55c844c.jsona4f340a5-fd07-4490-bc23-96179f663ef8)
9810 [pool-2-thread-1] INFO net.thucydides.core.reports.html.HtmlAcceptanceTestReporter - GENERATING HTML REPORT FOR Get default game frequency:getDefaultGameFrequency in 1b1dc0a03b31771d0836eb7c7e29fd654428bfeee4149b98be64e65ef55c844c.html in directory target\site\serenity  
]]></system-err>
  </testcase>
</testsuite>